#
# There is insufficient memory for the Java Runtime Environment to continue.
# Native memory allocation (mmap) failed to map 132120576 bytes for G1 virtual space
# Possible reasons:
#   The system is out of physical RAM or swap space
#   The process is running with CompressedOops enabled, and the Java Heap may be blocking the growth of the native heap
# Possible solutions:
#   Reduce memory load on the system
#   Increase physical memory or swap space
#   Check if swap backing store is full
#   Decrease Java heap size (-Xmx/-Xms)
#   Decrease number of Java threads
#   Decrease Java thread stack sizes (-Xss)
#   Set larger code cache with -XX:ReservedCodeCacheSize=
#   JVM is running with Unscaled Compressed Oops mode in which the Java heap is
#     placed in the first 4GB address space. The Java Heap base address is the
#     maximum limit for the native heap growth. Please use -XX:HeapBaseMinAddress
#     to set the Java Heap base and to place the Java Heap above 4GB virtual address.
# This output file may be truncated or incomplete.
#
#  Out of Memory Error (os_windows.cpp:3753), pid=16348, tid=11796
#
# JRE version:  (17.0.4.1+7) (build )
# Java VM: OpenJDK 64-Bit Server VM (17.0.4.1+7-b469.62, mixed mode, sharing, tiered, compressed oops, compressed class ptrs, g1 gc, windows-amd64)
# No core dump will be written. Minidumps are not enabled by default on client versions of Windows
#

---------------  S U M M A R Y ------------

Command Line: git4idea.http.GitAskPassApp Username for 'https://github.com': 

Host: Intel(R) Core(TM) i5-8265U CPU @ 1.60GHz, 8 cores, 7G,  Windows 11 , 64 bit Build 22000 (10.0.22000.1219)
Time: Mon Dec  5 03:41:51 2022 RTZ 2 (s 11 , 64 bit Build 22000 (10.0.22000.1219) elapsed time: 0.012877 seconds (0d 0h 0m 0s)

---------------  T H R E A D  ---------------

Current thread (0x0000028730bb2440):  JavaThread "Unknown thread" [_thread_in_vm, id=11796, stack(0x000000ef8d400000,0x000000ef8d500000)]

Stack: [0x000000ef8d400000,0x000000ef8d500000]
Native frames: (J=compiled Java code, j=interpreted, Vv=VM code, C=native code)
V  [jvm.dll+0x68356a]
V  [jvm.dll+0x83fab4]
V  [jvm.dll+0x84125e]
V  [jvm.dll+0x8418c3]
V  [jvm.dll+0x249735]
V  [jvm.dll+0x680439]
V  [jvm.dll+0x674a7a]
V  [jvm.dll+0x30956b]
V  [jvm.dll+0x310a26]
V  [jvm.dll+0x36089e]
V  [jvm.dll+0x360acf]
V  [jvm.dll+0x2df658]
V  [jvm.dll+0x2e05c4]
V  [jvm.dll+0x8112a1]
V  [jvm.dll+0x36e6f1]
V  [jvm.dll+0x7f076c]
V  [jvm.dll+0x3f180f]
V  [jvm.dll+0x3f3351]
C  [jli.dll+0x526b]
C  [ucrtbase.dll+0x26c0c]
C  [KERNEL32.DLL+0x15550]
C  [ntdll.dll+0x485b]


---------------  P R O C E S S  ---------------

Threads class SMR info:
_java_thread_list=0x00007ff8034e7f58, length=0, elements={
}

Java Threads: ( => current thread )

Other Threads:
  0x0000028730c0e3e0 GCTaskThread "GC Thread#0" [stack: 0x000000ef8d500000,0x000000ef8d600000] [id=17864]
  0x0000028730c1ee60 ConcurrentGCThread "G1 Main Marker" [stack: 0x000000ef8d600000,0x000000ef8d700000] [id=8408]
  0x0000028730c20880 ConcurrentGCThread "G1 Conc#0" [stack: 0x000000ef8d700000,0x000000ef8d800000] [id=16660]

[error occurred during error reporting (printing all threads), id 0xc0000005, EXCEPTION_ACCESS_VIOLATION (0xc0000005) at pc=0x00007ff802ca0217]

VM state: not at safepoint (not fully initialized)

VM Mutex/Monitor currently owned by a thread:  ([mutex/lock_event])
[0x0000028730bad5e0] Heap_lock - owner thread: 0x0000028730bb2440

Heap address: 0x0000000082600000, size: 2010 MB, Compressed Oops mode: 32-bit

CDS archive(s) mapped at: [0x0000000000000000-0x0000000000000000-0x0000000000000000), size 0, SharedBaseAddress: 0x0000000800000000, ArchiveRelocationMode: 0.
Narrow klass base: 0x0000000000000000, Narrow klass shift: 0, Narrow klass range: 0x0

GC Precious Log:
<Empty>

Heap:
 garbage-first heap   total 0K, used 0K [0x0000000082600000, 0x0000000100000000)
  region size 1024K, 0 young (0K), 0 survivors (0K)

[error occurred during error reporting (printing heap information), id 0xc0000005, EXCEPTION_ACCESS_VIOLATION (0xc0000005) at pc=0x00007ff80308d1f9]

GC Heap History (0 events):
No events

Deoptimization events (0 events):
No events

Classes unloaded (0 events):
No events

Classes redefined (0 events):
No events

Internal exceptions (0 events):
No events

VM Operations (0 events):
No events

Events (1 events):
Event: 0.008 Loaded shared library D:\IntelliJ IDEA Community Edition 2022.2.3\jbr\bin\java.dll


Dynamic libraries:
0x00007ff746340000 - 0x00007ff74634a000 	D:\IntelliJ IDEA Community Edition 2022.2.3\jbr\bin\java.exe
0x00007ff890fe0000 - 0x00007ff8911e9000 	C:\WINDOWS\SYSTEM32\ntdll.dll
0x00007ff88f920000 - 0x00007ff88f9de000 	C:\WINDOWS\System32\KERNEL32.DLL
0x00007ff88e710000 - 0x00007ff88ea8b000 	C:\WINDOWS\System32\KERNELBASE.dll
0x00007ff88eca0000 - 0x00007ff88edb1000 	C:\WINDOWS\System32\ucrtbase.dll
0x00007ff878bb0000 - 0x00007ff878bc7000 	D:\IntelliJ IDEA Community Edition 2022.2.3\jbr\bin\jli.dll
0x00007ff875ab0000 - 0x00007ff875acb000 	D:\IntelliJ IDEA Community Edition 2022.2.3\jbr\bin\VCRUNTIME140.dll
0x00007ff88f9e0000 - 0x00007ff88fb8d000 	C:\WINDOWS\System32\USER32.dll
0x00007ff88ea90000 - 0x00007ff88eab6000 	C:\WINDOWS\System32\win32u.dll
0x00007ff8668b0000 - 0x00007ff866b55000 	C:\WINDOWS\WinSxS\amd64_microsoft.windows.common-controls_6595b64144ccf1df_6.0.22000.120_none_9d947278b86cc467\COMCTL32.dll
0x00007ff890630000 - 0x00007ff890659000 	C:\WINDOWS\System32\GDI32.dll
0x00007ff8909c0000 - 0x00007ff890a63000 	C:\WINDOWS\System32\msvcrt.dll
0x00007ff88eb80000 - 0x00007ff88ec98000 	C:\WINDOWS\System32\gdi32full.dll
0x00007ff88edc0000 - 0x00007ff88ee5d000 	C:\WINDOWS\System32\msvcp_win.dll
0x00007ff88f720000 - 0x00007ff88f752000 	C:\WINDOWS\System32\IMM32.DLL
0x00007ff8898f0000 - 0x00007ff8898fc000 	D:\IntelliJ IDEA Community Edition 2022.2.3\jbr\bin\vcruntime140_1.dll
0x00007ff847260000 - 0x00007ff8472ed000 	D:\IntelliJ IDEA Community Edition 2022.2.3\jbr\bin\msvcp140.dll
0x00007ff8029b0000 - 0x00007ff803619000 	D:\IntelliJ IDEA Community Edition 2022.2.3\jbr\bin\server\jvm.dll
0x00007ff890a80000 - 0x00007ff890b2e000 	C:\WINDOWS\System32\ADVAPI32.dll
0x00007ff890660000 - 0x00007ff8906fe000 	C:\WINDOWS\System32\sechost.dll
0x00007ff890510000 - 0x00007ff890630000 	C:\WINDOWS\System32\RPCRT4.dll
0x00007ff88f710000 - 0x00007ff88f718000 	C:\WINDOWS\System32\PSAPI.DLL
0x00007ff889910000 - 0x00007ff889919000 	C:\WINDOWS\SYSTEM32\WSOCK32.dll
0x00007ff888560000 - 0x00007ff888593000 	C:\WINDOWS\SYSTEM32\WINMM.dll
0x00007ff88f850000 - 0x00007ff88f8bf000 	C:\WINDOWS\System32\WS2_32.dll
0x00007ff885090000 - 0x00007ff88509a000 	C:\WINDOWS\SYSTEM32\VERSION.dll
0x00007ff88d620000 - 0x00007ff88d638000 	C:\WINDOWS\SYSTEM32\kernel.appcore.dll
0x00007ff8885c0000 - 0x00007ff8885ca000 	D:\IntelliJ IDEA Community Edition 2022.2.3\jbr\bin\jimage.dll
0x00007ff8861e0000 - 0x00007ff886401000 	C:\WINDOWS\SYSTEM32\DBGHELP.DLL
0x00007ff8855c0000 - 0x00007ff8855f1000 	C:\WINDOWS\SYSTEM32\dbgcore.DLL
0x00007ff88e520000 - 0x00007ff88e59f000 	C:\WINDOWS\System32\bcryptPrimitives.dll
0x00007ff885980000 - 0x00007ff8859a5000 	D:\IntelliJ IDEA Community Edition 2022.2.3\jbr\bin\java.dll

dbghelp: loaded successfully - version: 4.0.5 - missing functions: none
symbol engine: initialized successfully - sym options: 0x614 - pdb path: .;D:\IntelliJ IDEA Community Edition 2022.2.3\jbr\bin;C:\WINDOWS\SYSTEM32;C:\WINDOWS\WinSxS\amd64_microsoft.windows.common-controls_6595b64144ccf1df_6.0.22000.120_none_9d947278b86cc467;D:\IntelliJ IDEA Community Edition 2022.2.3\jbr\bin\server

VM Arguments:
java_command: git4idea.http.GitAskPassApp Username for 'https://github.com': 
java_class_path (initial): D:/IntelliJ IDEA Community Edition 2022.2.3/plugins/git4idea/lib/git4idea-rt.jar;D:/IntelliJ IDEA Community Edition 2022.2.3/lib/externalProcess-rt.jar;D:/IntelliJ IDEA Community Edition 2022.2.3/lib/app.jar;D:/IntelliJ IDEA Community Edition 2022.2.3/lib/3rd-party-rt.jar
Launcher Type: SUN_STANDARD

[Global flags]
     intx CICompilerCount                          = 4                                         {product} {ergonomic}
     uint ConcGCThreads                            = 2                                         {product} {ergonomic}
     uint G1ConcRefinementThreads                  = 8                                         {product} {ergonomic}
   size_t G1HeapRegionSize                         = 1048576                                   {product} {ergonomic}
    uintx GCDrainStackTargetSize                   = 64                                        {product} {ergonomic}
   size_t InitialHeapSize                          = 132120576                                 {product} {ergonomic}
   size_t MarkStackSize                            = 4194304                                   {product} {ergonomic}
   size_t MaxHeapSize                              = 2107637760                                {product} {ergonomic}
   size_t MinHeapDeltaBytes                        = 1048576                                   {product} {ergonomic}
   size_t MinHeapSize                              = 8388608                                   {product} {ergonomic}
    uintx NonNMethodCodeHeapSize                   = 5839372                                {pd product} {ergonomic}
    uintx NonProfiledCodeHeapSize                  = 122909434                              {pd product} {ergonomic}
    uintx ProfiledCodeHeapSize                     = 122909434                              {pd product} {ergonomic}
    uintx ReservedCodeCacheSize                    = 251658240                              {pd product} {ergonomic}
     bool SegmentedCodeCache                       = true                                      {product} {ergonomic}
   size_t SoftMaxHeapSize                          = 2107637760                             {manageable} {ergonomic}
     bool UseCompressedClassPointers               = true                           {product lp64_product} {ergonomic}
     bool UseCompressedOops                        = true                           {product lp64_product} {ergonomic}
     bool UseG1GC                                  = true                                      {product} {ergonomic}
     bool UseLargePagesIndividualAllocation        = false                                  {pd product} {ergonomic}

Logging:
Log output configuration:
 #0: stdout all=warning uptime,level,tags
 #1: stderr all=off uptime,level,tags

Environment Variables:
JAVA_HOME=C:\Program Files\Android\Android Studio\jre
PATH=C:\Program Files\Git\mingw64\libexec\git-core;C:\Program Files\Git\mingw64\libexec\git-core;C:\Program Files\Git\mingw64\bin;C:\Program Files\Git\usr\bin;C:\Users\ð\bin;D:\OOP\Scripts;C:\WINDOWS\system32;C:\WINDOWS;C:\WINDOWS\System32\Wbem;C:\WINDOWS\System32\WindowsPowerShell\v1.0;C:\WINDOWS\System32\OpenSSH;C:\Program Files\Intel\WiFi\bin;C:\Program Files\Common Files\Intel\WirelessCommon;C:\Program Files\Microsoft SQL Server\Client SDK\ODBC\170\Tools\Binn;C:\Program Files\Git\cmd;C:\Users\Ñ€\AppData\Local\Programs\Python\Python311\Scripts;C:\Users\Ñ€\AppData\Local\Programs\Python\Python311;C:\Users\Ñ€\AppData\Local\Microsoft\WindowsApps;C:\Users\Ñ€\AppData\Local\Programs\Microsoft VS Code\bin;C:\Program Files\Android\Android Studio\jre\bin;D:\flutter\bin;C:\Windows\System32;D:\IntelliJ IDEA Community Edition 2022.2.3\bin;C:\Program Files\Git\git-cmd.exe;D:\flutter\bin;C:\ProgramData\Ñ€\GitHubDesktop\bin;C:\Users\Ñ€\AppData\Local\GitHubDesktop\bin
USERNAME=ð
DISPLAY=:0.0
LC_ALL=en_US.UTF-8
TERM=xterm-256color
TMPDIR=C:\Users\9B87~1\AppData\Local\Temp
OS=Windows_NT
PROCESSOR_IDENTIFIER=Intel64 Family 6 Model 142 Stepping 11, GenuineIntel
TMP=C:\Users\9B87~1\AppData\Local\Temp
TEMP=C:\Users\9B87~1\AppData\Local\Temp



---------------  S Y S T E M  ---------------

OS:
 Windows 11 , 64 bit Build 22000 (10.0.22000.1219)
OS uptime: 2 days 15:20 hours

CPU: total 8 (initial active 8) (4 cores per cpu, 2 threads per core) family 6 model 142 stepping 11 microcode 0xde, cx8, cmov, fxsr, ht, mmx, 3dnowpref, sse, sse2, sse3, ssse3, sse4.1, sse4.2, popcnt, lzcnt, tsc, tscinvbit, avx, avx2, aes, erms, clmul, bmi1, bmi2, adx, fma, vzeroupper, clflush, clflushopt

Memory: 4k page, system-wide physical 8037M (442M free)
TotalPageFile size 18277M (AvailPageFile size 94M)
current process WorkingSet (physical memory assigned to process): 10M, peak: 10M
current process commit charge ("private bytes"): 60M, peak: 186M

vm_info: OpenJDK 64-Bit Server VM (17.0.4.1+7-b469.62) for windows-amd64 JRE (17.0.4.1+7-b469.62), built on 2022-09-22 by "builduser" with MS VC++ 16.10 / 16.11 (VS2019)

END.
